2004.10.21 19:28 B C:\muktomona-final\images\button-aboutus_r1_c1.gif --> leo.lunarpages.com /public_html/images button-aboutus_r1_c1.gif
2004.10.21 19:28 B C:\muktomona-final\images\button-aboutus_r1_c1_f2.gif --> leo.lunarpages.com /public_html/images button-aboutus_r1_c1_f2.gif
2004.10.21 19:28 B C:\muktomona-final\images\button-aboutus_r1_c1_f3.gif --> leo.lunarpages.com /public_html/images button-aboutus_r1_c1_f3.gif
2004.10.21 19:28 B C:\muktomona-final\images\button-aboutus_r1_c1_f4.gif --> leo.lunarpages.com /public_html/images button-aboutus_r1_c1_f4.gif
2004.10.21 19:28 B C:\muktomona-final\images\button-aboutus_r2_c1.gif --> leo.lunarpages.com /public_html/images button-aboutus_r2_c1.gif
2004.10.21 19:28 B C:\muktomona-final\images\M-M-home-page_r10_c1.gif --> leo.lunarpages.com /public_html/images M-M-home-page_r10_c1.gif
2004.10.21 19:29 B C:\muktomona-final\images\M-M-home-page_r10_c1_f2.gif --> leo.lunarpages.com /public_html/images M-M-home-page_r10_c1_f2.gif
2004.10.21 19:29 B C:\muktomona-final\images\M-M-home-page_r10_c1_f3.gif --> leo.lunarpages.com /public_html/images M-M-home-page_r10_c1_f3.gif
2004.10.21 19:29 B C:\muktomona-final\images\M-M-home-page_r10_c1_f4.gif --> leo.lunarpages.com /public_html/images M-M-home-page_r10_c1_f4.gif
2004.10.21 19:29 B C:\muktomona-final\images\M-M-home-page_r11_c1.gif --> leo.lunarpages.com /public_html/images M-M-home-page_r11_c1.gif
2004.10.21 19:29 B C:\muktomona-final\images\M-M-home-page_r12_c1.gif --> leo.lunarpages.com /public_html/images M-M-home-page_r12_c1.gif
2004.10.21 19:29 B C:\muktomona-final\images\M-M-home-page_r12_c1_f2.gif --> leo.lunarpages.com /public_html/images M-M-home-page_r12_c1_f2.gif
2004.10.21 19:29 B C:\muktomona-final\images\M-M-home-page_r12_c1_f3.gif --> leo.lunarpages.com /public_html/images M-M-home-page_r12_c1_f3.gif
2004.10.21 19:29 B C:\muktomona-final\images\M-M-home-page_r12_c1_f4.gif --> leo.lunarpages.com /public_html/images M-M-home-page_r12_c1_f4.gif
2004.10.21 19:29 B C:\muktomona-final\images\M-M-home-page_r13_c1.gif --> leo.lunarpages.com /public_html/images M-M-home-page_r13_c1.gif
2004.10.21 19:29 B C:\muktomona-final\images\M-M-home-page_r14_c1.gif --> leo.lunarpages.com /public_html/images M-M-home-page_r14_c1.gif
2004.10.21 19:29 B C:\muktomona-final\images\M-M-home-page_r14_c1_f2.gif --> leo.lunarpages.com /public_html/images M-M-home-page_r14_c1_f2.gif
2004.10.21 19:29 B C:\muktomona-final\images\M-M-home-page_r14_c1_f3.gif --> leo.lunarpages.com /public_html/images M-M-home-page_r14_c1_f3.gif
2004.10.21 19:29 B C:\muktomona-final\images\M-M-home-page_r14_c1_f4.gif --> leo.lunarpages.com /public_html/images M-M-home-page_r14_c1_f4.gif
2004.10.21 19:29 B C:\muktomona-final\images\M-M-home-page_r15_c1.gif --> leo.lunarpages.com /public_html/images M-M-home-page_r15_c1.gif
2004.10.21 19:29 B C:\muktomona-final\images\M-M-home-page_r16_c1.gif --> leo.lunarpages.com /public_html/images M-M-home-page_r16_c1.gif
2004.10.21 19:29 B C:\muktomona-final\images\M-M-home-page_r16_c1_f2.gif --> leo.lunarpages.com /public_html/images M-M-home-page_r16_c1_f2.gif
2004.10.21 19:29 B C:\muktomona-final\images\M-M-home-page_r16_c1_f3.gif --> leo.lunarpages.com /public_html/images M-M-home-page_r16_c1_f3.gif
2004.10.21 19:29 B C:\muktomona-final\images\M-M-home-page_r16_c1_f4.gif --> leo.lunarpages.com /public_html/images M-M-home-page_r16_c1_f4.gif
2004.10.21 19:29 B C:\muktomona-final\images\M-M-home-page_r17_c1.gif --> leo.lunarpages.com /public_html/images M-M-home-page_r17_c1.gif
2004.10.21 19:29 B C:\muktomona-final\images\M-M-home-page_r17_c1_f2.gif --> leo.lunarpages.com /public_html/images M-M-home-page_r17_c1_f2.gif
2004.10.21 19:29 B C:\muktomona-final\images\M-M-home-page_r17_c1_f3.gif --> leo.lunarpages.com /public_html/images M-M-home-page_r17_c1_f3.gif
2004.10.21 19:29 B C:\muktomona-final\images\M-M-home-page_r17_c1_f4.gif --> leo.lunarpages.com /public_html/images M-M-home-page_r17_c1_f4.gif
2004.10.21 19:29 B C:\muktomona-final\images\M-M-home-page_r18_c1.gif --> leo.lunarpages.com /public_html/images M-M-home-page_r18_c1.gif
2004.10.21 19:29 B C:\muktomona-final\images\M-M-home-page_r19_c1.gif --> leo.lunarpages.com /public_html/images M-M-home-page_r19_c1.gif
2004.10.21 19:29 B C:\muktomona-final\images\M-M-home-page_r19_c1_f2.gif --> leo.lunarpages.com /public_html/images M-M-home-page_r19_c1_f2.gif
2004.10.21 19:29 B C:\muktomona-final\images\M-M-home-page_r19_c1_f3.gif --> leo.lunarpages.com /public_html/images M-M-home-page_r19_c1_f3.gif
2004.10.21 19:29 B C:\muktomona-final\images\M-M-home-page_r19_c1_f4.gif --> leo.lunarpages.com /public_html/images M-M-home-page_r19_c1_f4.gif
2004.10.21 19:29 B C:\muktomona-final\images\M-M-home-page_r1_c1.gif --> leo.lunarpages.com /public_html/images M-M-home-page_r1_c1.gif
2004.10.21 19:29 B C:\muktomona-final\images\M-M-home-page_r1_c2.gif --> leo.lunarpages.com /public_html/images M-M-home-page_r1_c2.gif
2004.10.21 19:29 B C:\muktomona-final\images\M-M-home-page_r20_c1.gif --> leo.lunarpages.com /public_html/images M-M-home-page_r20_c1.gif
2004.10.21 19:29 B C:\muktomona-final\images\M-M-home-page_r20_c1_f2.gif --> leo.lunarpages.com /public_html/images M-M-home-page_r20_c1_f2.gif
2004.10.21 19:29 B C:\muktomona-final\images\M-M-home-page_r20_c1_f3.gif --> leo.lunarpages.com /public_html/images M-M-home-page_r20_c1_f3.gif
2004.10.21 19:29 B C:\muktomona-final\images\M-M-home-page_r20_c1_f4.gif --> leo.lunarpages.com /public_html/images M-M-home-page_r20_c1_f4.gif
2004.10.21 19:29 B C:\muktomona-final\images\M-M-home-page_r21_c1.gif --> leo.lunarpages.com /public_html/images M-M-home-page_r21_c1.gif
2004.10.21 19:29 B C:\muktomona-final\images\M-M-home-page_r21_c1_f2.gif --> leo.lunarpages.com /public_html/images M-M-home-page_r21_c1_f2.gif
2004.10.21 19:29 B C:\muktomona-final\images\M-M-home-page_r21_c1_f3.gif --> leo.lunarpages.com /public_html/images M-M-home-page_r21_c1_f3.gif
2004.10.21 19:29 B C:\muktomona-final\images\M-M-home-page_r21_c1_f4.gif --> leo.lunarpages.com /public_html/images M-M-home-page_r21_c1_f4.gif
2004.10.21 19:29 B C:\muktomona-final\images\M-M-home-page_r22_c1.gif --> leo.lunarpages.com /public_html/images M-M-home-page_r22_c1.gif
2004.10.21 19:29 B C:\muktomona-final\images\M-M-home-page_r22_c1_f2.gif --> leo.lunarpages.com /public_html/images M-M-home-page_r22_c1_f2.gif
2004.10.21 19:29 B C:\muktomona-final\images\M-M-home-page_r22_c1_f3.gif --> leo.lunarpages.com /public_html/images M-M-home-page_r22_c1_f3.gif
2004.10.21 19:29 B C:\muktomona-final\images\M-M-home-page_r22_c1_f4.gif --> leo.lunarpages.com /public_html/images M-M-home-page_r22_c1_f4.gif
2004.10.21 19:29 B C:\muktomona-final\images\M-M-home-page_r23_c1.gif --> leo.lunarpages.com /public_html/images M-M-home-page_r23_c1.gif
2004.10.21 19:29 B C:\muktomona-final\images\M-M-home-page_r23_c1_f2.gif --> leo.lunarpages.com /public_html/images M-M-home-page_r23_c1_f2.gif
2004.10.21 19:29 B C:\muktomona-final\images\M-M-home-page_r23_c1_f3.gif --> leo.lunarpages.com /public_html/images M-M-home-page_r23_c1_f3.gif
2004.10.21 19:29 B C:\muktomona-final\images\M-M-home-page_r23_c1_f4.gif --> leo.lunarpages.com /public_html/images M-M-home-page_r23_c1_f4.gif
2004.10.21 19:29 B C:\muktomona-final\images\M-M-home-page_r25_c1.gif --> leo.lunarpages.com /public_html/images M-M-home-page_r25_c1.gif
2004.10.21 19:29 B C:\muktomona-final\images\M-M-home-page_r25_c2.gif --> leo.lunarpages.com /public_html/images M-M-home-page_r25_c2.gif
2004.10.21 19:29 B C:\muktomona-final\images\M-M-home-page_r2_c1.gif --> leo.lunarpages.com /public_html/images M-M-home-page_r2_c1.gif
2004.10.21 19:29 B C:\muktomona-final\images\M-M-home-page_r3_c1.gif --> leo.lunarpages.com /public_html/images M-M-home-page_r3_c1.gif
2004.10.21 19:29 B C:\muktomona-final\images\M-M-home-page_r3_c1_f2.gif --> leo.lunarpages.com /public_html/images M-M-home-page_r3_c1_f2.gif
2004.10.21 19:29 B C:\muktomona-final\images\M-M-home-page_r3_c1_f3.gif --> leo.lunarpages.com /public_html/images M-M-home-page_r3_c1_f3.gif
2004.10.21 19:29 B C:\muktomona-final\images\M-M-home-page_r3_c1_f4.gif --> leo.lunarpages.com /public_html/images M-M-home-page_r3_c1_f4.gif
2004.10.21 19:29 B C:\muktomona-final\images\M-M-home-page_r3_c3.gif --> leo.lunarpages.com /public_html/images M-M-home-page_r3_c3.gif
2004.10.21 19:29 B C:\muktomona-final\images\M-M-home-page_r5_c1.gif --> leo.lunarpages.com /public_html/images M-M-home-page_r5_c1.gif
2004.10.21 19:29 B C:\muktomona-final\images\M-M-home-page_r5_c1_f2.gif --> leo.lunarpages.com /public_html/images M-M-home-page_r5_c1_f2.gif
2004.10.21 19:29 B C:\muktomona-final\images\M-M-home-page_r5_c1_f3.gif --> leo.lunarpages.com /public_html/images M-M-home-page_r5_c1_f3.gif
2004.10.21 19:29 B C:\muktomona-final\images\M-M-home-page_r5_c1_f4.gif --> leo.lunarpages.com /public_html/images M-M-home-page_r5_c1_f4.gif
2004.10.21 19:29 B C:\muktomona-final\images\M-M-home-page_r6_c1.gif --> leo.lunarpages.com /public_html/images M-M-home-page_r6_c1.gif
2004.10.21 19:29 B C:\muktomona-final\images\M-M-home-page_r6_c1_f2.gif --> leo.lunarpages.com /public_html/images M-M-home-page_r6_c1_f2.gif
2004.10.21 19:29 B C:\muktomona-final\images\M-M-home-page_r6_c1_f3.gif --> leo.lunarpages.com /public_html/images M-M-home-page_r6_c1_f3.gif
2004.10.21 19:29 B C:\muktomona-final\images\M-M-home-page_r6_c1_f4.gif --> leo.lunarpages.com /public_html/images M-M-home-page_r6_c1_f4.gif
2004.10.21 19:29 B C:\muktomona-final\images\M-M-home-page_r7_c1.gif --> leo.lunarpages.com /public_html/images M-M-home-page_r7_c1.gif
2004.10.21 19:29 B C:\muktomona-final\images\M-M-home-page_r7_c1_f2.gif --> leo.lunarpages.com /public_html/images M-M-home-page_r7_c1_f2.gif
2004.10.21 19:29 B C:\muktomona-final\images\M-M-home-page_r7_c1_f3.gif --> leo.lunarpages.com /public_html/images M-M-home-page_r7_c1_f3.gif
2004.10.21 19:29 B C:\muktomona-final\images\M-M-home-page_r7_c1_f4.gif --> leo.lunarpages.com /public_html/images M-M-home-page_r7_c1_f4.gif
2004.10.21 19:29 B C:\muktomona-final\images\M-M-home-page_r8_c1.gif --> leo.lunarpages.com /public_html/images M-M-home-page_r8_c1.gif
2004.10.21 19:29 B C:\muktomona-final\images\M-M-home-page_r8_c1_f2.gif --> leo.lunarpages.com /public_html/images M-M-home-page_r8_c1_f2.gif
2004.10.21 19:29 B C:\muktomona-final\images\M-M-home-page_r8_c1_f3.gif --> leo.lunarpages.com /public_html/images M-M-home-page_r8_c1_f3.gif
2004.10.21 19:29 B C:\muktomona-final\images\M-M-home-page_r8_c1_f4.gif --> leo.lunarpages.com /public_html/images M-M-home-page_r8_c1_f4.gif
2004.10.21 19:29 B C:\muktomona-final\images\M-M-science-pg_r12_c1.gif --> leo.lunarpages.com /public_html/images M-M-science-pg_r12_c1.gif
2004.10.21 19:29 B C:\muktomona-final\images\M-M-science-pg_r12_c1_f2.gif --> leo.lunarpages.com /public_html/images M-M-science-pg_r12_c1_f2.gif
2004.10.21 19:29 B C:\muktomona-final\images\M-M-science-pg_r12_c1_f3.gif --> leo.lunarpages.com /public_html/images M-M-science-pg_r12_c1_f3.gif
2004.10.21 19:29 B C:\muktomona-final\images\M-M-science-pg_r12_c1_f4.gif --> leo.lunarpages.com /public_html/images M-M-science-pg_r12_c1_f4.gif
2004.10.21 19:29 B C:\muktomona-final\images\M-M-science-pg_r14_c1.gif --> leo.lunarpages.com /public_html/images M-M-science-pg_r14_c1.gif
2004.10.21 19:29 B C:\muktomona-final\images\M-M-science-pg_r14_c1_f2.gif --> leo.lunarpages.com /public_html/images M-M-science-pg_r14_c1_f2.gif
2004.10.21 19:29 B C:\muktomona-final\images\M-M-science-pg_r14_c1_f3.gif --> leo.lunarpages.com /public_html/images M-M-science-pg_r14_c1_f3.gif
2004.10.21 19:29 B C:\muktomona-final\images\M-M-science-pg_r14_c1_f4.gif --> leo.lunarpages.com /public_html/images M-M-science-pg_r14_c1_f4.gif
2004.10.21 19:29 B C:\muktomona-final\images\M-M-science-pg_r15_c1.gif --> leo.lunarpages.com /public_html/images M-M-science-pg_r15_c1.gif
2004.10.21 19:29 B C:\muktomona-final\images\M-M-science-pg_r15_c1_f2.gif --> leo.lunarpages.com /public_html/images M-M-science-pg_r15_c1_f2.gif
2004.10.21 19:29 B C:\muktomona-final\images\M-M-science-pg_r15_c1_f3.gif --> leo.lunarpages.com /public_html/images M-M-science-pg_r15_c1_f3.gif
2004.10.21 19:29 B C:\muktomona-final\images\M-M-science-pg_r15_c1_f4.gif --> leo.lunarpages.com /public_html/images M-M-science-pg_r15_c1_f4.gif
2004.10.21 19:29 B C:\muktomona-final\images\M-M-science-pg_r16_c1.gif --> leo.lunarpages.com /public_html/images M-M-science-pg_r16_c1.gif
2004.10.21 19:29 B C:\muktomona-final\images\M-M-science-pg_r16_c1_f2.gif --> leo.lunarpages.com /public_html/images M-M-science-pg_r16_c1_f2.gif
2004.10.21 19:29 B C:\muktomona-final\images\M-M-science-pg_r16_c1_f3.gif --> leo.lunarpages.com /public_html/images M-M-science-pg_r16_c1_f3.gif
2004.10.21 19:29 B C:\muktomona-final\images\M-M-science-pg_r16_c1_f4.gif --> leo.lunarpages.com /public_html/images M-M-science-pg_r16_c1_f4.gif
2004.10.21 19:29 B C:\muktomona-final\images\M-M-science-pg_r17_c1.gif --> leo.lunarpages.com /public_html/images M-M-science-pg_r17_c1.gif
2004.10.21 19:29 B C:\muktomona-final\images\M-M-science-pg_r17_c1_f2.gif --> leo.lunarpages.com /public_html/images M-M-science-pg_r17_c1_f2.gif
2004.10.21 19:29 B C:\muktomona-final\images\M-M-science-pg_r17_c1_f3.gif --> leo.lunarpages.com /public_html/images M-M-science-pg_r17_c1_f3.gif
2004.10.21 19:29 B C:\muktomona-final\images\M-M-science-pg_r17_c1_f4.gif --> leo.lunarpages.com /public_html/images M-M-science-pg_r17_c1_f4.gif
2004.10.21 19:29 B C:\muktomona-final\images\M-M-science-pg_r19_c1.gif --> leo.lunarpages.com /public_html/images M-M-science-pg_r19_c1.gif
2004.10.21 19:29 B C:\muktomona-final\images\M-M-science-pg_r19_c1_f2.gif --> leo.lunarpages.com /public_html/images M-M-science-pg_r19_c1_f2.gif
2004.10.21 19:29 B C:\muktomona-final\images\M-M-science-pg_r19_c1_f3.gif --> leo.lunarpages.com /public_html/images M-M-science-pg_r19_c1_f3.gif
2004.10.21 19:29 B C:\muktomona-final\images\M-M-science-pg_r19_c1_f4.gif --> leo.lunarpages.com /public_html/images M-M-science-pg_r19_c1_f4.gif
2004.10.21 19:29 B C:\muktomona-final\images\M-M-science-pg_r1_c1.gif --> leo.lunarpages.com /public_html/images M-M-science-pg_r1_c1.gif
2004.10.21 19:29 B C:\muktomona-final\images\M-M-science-pg_r20_c1.gif --> leo.lunarpages.com /public_html/images M-M-science-pg_r20_c1.gif
2004.10.21 19:29 B C:\muktomona-final\images\M-M-science-pg_r20_c1_f2.gif --> leo.lunarpages.com /public_html/images M-M-science-pg_r20_c1_f2.gif
2004.10.21 19:29 B C:\muktomona-final\images\M-M-science-pg_r20_c1_f3.gif --> leo.lunarpages.com /public_html/images M-M-science-pg_r20_c1_f3.gif
2004.10.21 19:29 B C:\muktomona-final\images\M-M-science-pg_r20_c1_f4.gif --> leo.lunarpages.com /public_html/images M-M-science-pg_r20_c1_f4.gif
2004.10.21 19:29 B C:\muktomona-final\images\M-M-science-pg_r21_c1.gif --> leo.lunarpages.com /public_html/images M-M-science-pg_r21_c1.gif
2004.10.21 19:29 B C:\muktomona-final\images\M-M-science-pg_r21_c1_f2.gif --> leo.lunarpages.com /public_html/images M-M-science-pg_r21_c1_f2.gif
2004.10.21 19:29 B C:\muktomona-final\images\M-M-science-pg_r21_c1_f3.gif --> leo.lunarpages.com /public_html/images M-M-science-pg_r21_c1_f3.gif
2004.10.21 19:29 B C:\muktomona-final\images\M-M-science-pg_r21_c1_f4.gif --> leo.lunarpages.com /public_html/images M-M-science-pg_r21_c1_f4.gif
2004.10.21 19:29 B C:\muktomona-final\images\M-M-science-pg_r23_c1.gif --> leo.lunarpages.com /public_html/images M-M-science-pg_r23_c1.gif
2004.10.21 19:29 B C:\muktomona-final\images\M-M-science-pg_r23_c1_f2.gif --> leo.lunarpages.com /public_html/images M-M-science-pg_r23_c1_f2.gif
2004.10.21 19:29 B C:\muktomona-final\images\M-M-science-pg_r23_c1_f3.gif --> leo.lunarpages.com /public_html/images M-M-science-pg_r23_c1_f3.gif
2004.10.21 19:29 B C:\muktomona-final\images\M-M-science-pg_r23_c1_f4.gif --> leo.lunarpages.com /public_html/images M-M-science-pg_r23_c1_f4.gif
2004.10.21 19:29 B C:\muktomona-final\images\M-M-science-pg_r25_c1.gif --> leo.lunarpages.com /public_html/images M-M-science-pg_r25_c1.gif
2004.10.21 19:29 B C:\muktomona-final\images\M-M-science-pg_r25_c1_f2.gif --> leo.lunarpages.com /public_html/images M-M-science-pg_r25_c1_f2.gif
2004.10.21 19:29 B C:\muktomona-final\images\M-M-science-pg_r25_c1_f3.gif --> leo.lunarpages.com /public_html/images M-M-science-pg_r25_c1_f3.gif
2004.10.21 19:29 B C:\muktomona-final\images\M-M-science-pg_r25_c1_f4.gif --> leo.lunarpages.com /public_html/images M-M-science-pg_r25_c1_f4.gif
2004.10.21 19:29 B C:\muktomona-final\images\M-M-science-pg_r26_c1.gif --> leo.lunarpages.com /public_html/images M-M-science-pg_r26_c1.gif
2004.10.21 19:29 B C:\muktomona-final\images\M-M-science-pg_r27_c13.gif --> leo.lunarpages.com /public_html/images M-M-science-pg_r27_c13.gif
2004.10.21 19:29 B C:\muktomona-final\images\M-M-science-pg_r27_c2.gif --> leo.lunarpages.com /public_html/images M-M-science-pg_r27_c2.gif
2004.10.21 19:29 B C:\muktomona-final\images\M-M-science-pg_r28_c2.gif --> leo.lunarpages.com /public_html/images M-M-science-pg_r28_c2.gif
2004.10.21 19:29 B C:\muktomona-final\images\M-M-science-pg_r2_c1.gif --> leo.lunarpages.com /public_html/images M-M-science-pg_r2_c1.gif
2004.10.21 19:29 B C:\muktomona-final\images\M-M-science-pg_r2_c10.gif --> leo.lunarpages.com /public_html/images M-M-science-pg_r2_c10.gif
2004.10.21 19:29 B C:\muktomona-final\images\M-M-science-pg_r2_c11.gif --> leo.lunarpages.com /public_html/images M-M-science-pg_r2_c11.gif
2004.10.21 19:29 B C:\muktomona-final\images\M-M-science-pg_r2_c11_f2.gif --> leo.lunarpages.com /public_html/images M-M-science-pg_r2_c11_f2.gif
2004.10.21 19:29 B C:\muktomona-final\images\M-M-science-pg_r2_c11_f3.gif --> leo.lunarpages.com /public_html/images M-M-science-pg_r2_c11_f3.gif
2004.10.21 19:29 B C:\muktomona-final\images\M-M-science-pg_r2_c2.gif --> leo.lunarpages.com /public_html/images M-M-science-pg_r2_c2.gif
2004.10.21 19:29 B C:\muktomona-final\images\M-M-science-pg_r2_c4.gif --> leo.lunarpages.com /public_html/images M-M-science-pg_r2_c4.gif
2004.10.21 19:29 B C:\muktomona-final\images\M-M-science-pg_r2_c4_f2.gif --> leo.lunarpages.com /public_html/images M-M-science-pg_r2_c4_f2.gif
2004.10.21 19:29 B C:\muktomona-final\images\M-M-science-pg_r2_c4_f3.gif --> leo.lunarpages.com /public_html/images M-M-science-pg_r2_c4_f3.gif
2004.10.21 19:29 B C:\muktomona-final\images\M-M-science-pg_r2_c7.gif --> leo.lunarpages.com /public_html/images M-M-science-pg_r2_c7.gif
2004.10.21 19:29 B C:\muktomona-final\images\M-M-science-pg_r2_c8.gif --> leo.lunarpages.com /public_html/images M-M-science-pg_r2_c8.gif
2004.10.21 19:29 B C:\muktomona-final\images\M-M-science-pg_r2_c8_f2.gif --> leo.lunarpages.com /public_html/images M-M-science-pg_r2_c8_f2.gif
2004.10.21 19:29 B C:\muktomona-final\images\M-M-science-pg_r2_c8_f3.gif --> leo.lunarpages.com /public_html/images M-M-science-pg_r2_c8_f3.gif
2004.10.21 19:29 B C:\muktomona-final\images\M-M-science-pg_r3_c12.gif --> leo.lunarpages.com /public_html/images M-M-science-pg_r3_c12.gif
2004.10.21 19:29 B C:\muktomona-final\images\M-M-science-pg_r3_c13.gif --> leo.lunarpages.com /public_html/images M-M-science-pg_r3_c13.gif
2004.10.21 19:29 B C:\muktomona-final\images\M-M-science-pg_r3_c2.gif --> leo.lunarpages.com /public_html/images M-M-science-pg_r3_c2.gif
2004.10.21 19:29 B C:\muktomona-final\images\M-M-science-pg_r3_c5.gif --> leo.lunarpages.com /public_html/images M-M-science-pg_r3_c5.gif
2004.10.21 19:29 B C:\muktomona-final\images\M-M-science-pg_r3_c6.gif --> leo.lunarpages.com /public_html/images M-M-science-pg_r3_c6.gif
2004.10.21 19:29 B C:\muktomona-final\images\M-M-science-pg_r3_c8.gif --> leo.lunarpages.com /public_html/images M-M-science-pg_r3_c8.gif
2004.10.21 19:29 B C:\muktomona-final\images\M-M-science-pg_r3_c9.gif --> leo.lunarpages.com /public_html/images M-M-science-pg_r3_c9.gif
2004.10.21 19:29 B C:\muktomona-final\images\M-M-science-pg_r4_c1.gif --> leo.lunarpages.com /public_html/images M-M-science-pg_r4_c1.gif
2004.10.21 19:29 B C:\muktomona-final\images\M-M-science-pg_r4_c1_f2.gif --> leo.lunarpages.com /public_html/images M-M-science-pg_r4_c1_f2.gif
2004.10.21 19:29 B C:\muktomona-final\images\M-M-science-pg_r4_c1_f3.gif --> leo.lunarpages.com /public_html/images M-M-science-pg_r4_c1_f3.gif
2004.10.21 19:29 B C:\muktomona-final\images\M-M-science-pg_r4_c1_f4.gif --> leo.lunarpages.com /public_html/images M-M-science-pg_r4_c1_f4.gif
2004.10.21 19:29 B C:\muktomona-final\images\M-M-science-pg_r6_c1.gif --> leo.lunarpages.com /public_html/images M-M-science-pg_r6_c1.gif
2004.10.21 19:29 B C:\muktomona-final\images\M-M-science-pg_r6_c1_f2.gif --> leo.lunarpages.com /public_html/images M-M-science-pg_r6_c1_f2.gif
2004.10.21 19:29 B C:\muktomona-final\images\M-M-science-pg_r6_c1_f3.gif --> leo.lunarpages.com /public_html/images M-M-science-pg_r6_c1_f3.gif
2004.10.21 19:29 B C:\muktomona-final\images\M-M-science-pg_r6_c1_f4.gif --> leo.lunarpages.com /public_html/images M-M-science-pg_r6_c1_f4.gif
2004.10.21 19:29 B C:\muktomona-final\images\M-M-science-pg_r7_c1.gif --> leo.lunarpages.com /public_html/images M-M-science-pg_r7_c1.gif
2004.10.21 19:29 B C:\muktomona-final\images\M-M-science-pg_r7_c1_f2.gif --> leo.lunarpages.com /public_html/images M-M-science-pg_r7_c1_f2.gif
2004.10.21 19:29 B C:\muktomona-final\images\M-M-science-pg_r7_c1_f3.gif --> leo.lunarpages.com /public_html/images M-M-science-pg_r7_c1_f3.gif
2004.10.21 19:29 B C:\muktomona-final\images\M-M-science-pg_r7_c1_f4.gif --> leo.lunarpages.com /public_html/images M-M-science-pg_r7_c1_f4.gif
2004.10.21 19:29 B C:\muktomona-final\images\M-M-science-pg_r8_c1.gif --> leo.lunarpages.com /public_html/images M-M-science-pg_r8_c1.gif
2004.10.21 19:29 B C:\muktomona-final\images\M-M-science-pg_r8_c1_f2.gif --> leo.lunarpages.com /public_html/images M-M-science-pg_r8_c1_f2.gif
2004.10.21 19:29 B C:\muktomona-final\images\M-M-science-pg_r8_c1_f3.gif --> leo.lunarpages.com /public_html/images M-M-science-pg_r8_c1_f3.gif
2004.10.21 19:29 B C:\muktomona-final\images\M-M-science-pg_r8_c1_f4.gif --> leo.lunarpages.com /public_html/images M-M-science-pg_r8_c1_f4.gif
2004.10.21 19:29 B C:\muktomona-final\images\M-M-science-pg_r9_c1.gif --> leo.lunarpages.com /public_html/images M-M-science-pg_r9_c1.gif
2004.10.21 19:29 B C:\muktomona-final\images\M-M-science-pg_r9_c1_f2.gif --> leo.lunarpages.com /public_html/images M-M-science-pg_r9_c1_f2.gif
2004.10.21 19:29 B C:\muktomona-final\images\M-M-science-pg_r9_c1_f3.gif --> leo.lunarpages.com /public_html/images M-M-science-pg_r9_c1_f3.gif
2004.10.21 19:29 B C:\muktomona-final\images\M-M-science-pg_r9_c1_f4.gif --> leo.lunarpages.com /public_html/images M-M-science-pg_r9_c1_f4.gif
2004.10.21 19:29 B C:\muktomona-final\images\main-aboutus.gif --> leo.lunarpages.com /public_html/images main-aboutus.gif
2004.10.21 19:29 B C:\muktomona-final\images\main-article-header.gif --> leo.lunarpages.com /public_html/images main-article-header.gif
2004.10.21 19:29 B C:\muktomona-final\images\main-author-header.gif --> leo.lunarpages.com /public_html/images main-author-header.gif
2004.10.21 19:29 B C:\muktomona-final\images\main-bengali-heritage-header.gif --> leo.lunarpages.com /public_html/images main-bengali-heritage-header.gif
2004.10.21 19:29 B C:\muktomona-final\images\main-books-header.gif --> leo.lunarpages.com /public_html/images main-books-header.gif
2004.10.21 19:29 B C:\muktomona-final\images\main-forum-header.gif --> leo.lunarpages.com /public_html/images main-forum-header.gif
2004.10.21 19:29 B C:\muktomona-final\images\main-guidlines-header.gif --> leo.lunarpages.com /public_html/images main-guidlines-header.gif
2004.10.21 19:29 B C:\muktomona-final\images\main-human-rights.gif --> leo.lunarpages.com /public_html/images main-human-rights.gif
2004.10.21 19:29 B C:\muktomona-final\images\main-literature.gif --> leo.lunarpages.com /public_html/images main-literature.gif
2004.10.21 19:29 B C:\muktomona-final\images\main-mm-projects-header.gif --> leo.lunarpages.com /public_html/images main-mm-projects-header.gif
2004.10.21 19:29 B C:\muktomona-final\images\main-mm-publication-header.gif --> leo.lunarpages.com /public_html/images main-mm-publication-header.gif
2004.10.21 19:29 B C:\muktomona-final\images\main-rationalism-header.gif --> leo.lunarpages.com /public_html/images main-rationalism-header.gif
2004.10.21 19:29 B C:\muktomona-final\images\main-secular-news-header.gif --> leo.lunarpages.com /public_html/images main-secular-news-header.gif
2004.10.21 19:29 B C:\muktomona-final\images\mukomona-home-page_r10_c1.gif --> leo.lunarpages.com /public_html/images mukomona-home-page_r10_c1.gif
2004.10.21 19:29 B C:\muktomona-final\images\mukomona-home-page_r10_c1_f2.gif --> leo.lunarpages.com /public_html/images mukomona-home-page_r10_c1_f2.gif
2004.10.21 19:29 B C:\muktomona-final\images\mukomona-home-page_r10_c1_f3.gif --> leo.lunarpages.com /public_html/images mukomona-home-page_r10_c1_f3.gif
2004.10.21 19:29 B C:\muktomona-final\images\mukomona-home-page_r10_c1_f4.gif --> leo.lunarpages.com /public_html/images mukomona-home-page_r10_c1_f4.gif
2004.10.21 19:29 B C:\muktomona-final\images\mukomona-home-page_r11_c1.gif --> leo.lunarpages.com /public_html/images mukomona-home-page_r11_c1.gif
2004.10.21 19:29 B C:\muktomona-final\images\mukomona-home-page_r12_c1.gif --> leo.lunarpages.com /public_html/images mukomona-home-page_r12_c1.gif
2004.10.21 19:29 B C:\muktomona-final\images\mukomona-home-page_r12_c1_f2.gif --> leo.lunarpages.com /public_html/images mukomona-home-page_r12_c1_f2.gif
2004.10.21 19:29 B C:\muktomona-final\images\mukomona-home-page_r12_c1_f3.gif --> leo.lunarpages.com /public_html/images mukomona-home-page_r12_c1_f3.gif
2004.10.21 19:29 B C:\muktomona-final\images\mukomona-home-page_r12_c1_f4.gif --> leo.lunarpages.com /public_html/images mukomona-home-page_r12_c1_f4.gif
2004.10.21 19:29 B C:\muktomona-final\images\mukomona-home-page_r13_c1.gif --> leo.lunarpages.com /public_html/images mukomona-home-page_r13_c1.gif
2004.10.21 19:29 B C:\muktomona-final\images\mukomona-home-page_r14_c1.gif --> leo.lunarpages.com /public_html/images mukomona-home-page_r14_c1.gif
2004.10.21 19:29 B C:\muktomona-final\images\mukomona-home-page_r14_c1_f2.gif --> leo.lunarpages.com /public_html/images mukomona-home-page_r14_c1_f2.gif
2004.10.21 19:29 B C:\muktomona-final\images\mukomona-home-page_r14_c1_f3.gif --> leo.lunarpages.com /public_html/images mukomona-home-page_r14_c1_f3.gif
2004.10.21 19:29 B C:\muktomona-final\images\mukomona-home-page_r14_c1_f4.gif --> leo.lunarpages.com /public_html/images mukomona-home-page_r14_c1_f4.gif
2004.10.21 19:29 B C:\muktomona-final\images\mukomona-home-page_r15_c1.gif --> leo.lunarpages.com /public_html/images mukomona-home-page_r15_c1.gif
2004.10.21 19:29 B C:\muktomona-final\images\mukomona-home-page_r16_c1.gif --> leo.lunarpages.com /public_html/images mukomona-home-page_r16_c1.gif
2004.10.21 19:29 B C:\muktomona-final\images\mukomona-home-page_r16_c1_f2.gif --> leo.lunarpages.com /public_html/images mukomona-home-page_r16_c1_f2.gif
2004.10.21 19:29 B C:\muktomona-final\images\mukomona-home-page_r16_c1_f3.gif --> leo.lunarpages.com /public_html/images mukomona-home-page_r16_c1_f3.gif
2004.10.21 19:30 B C:\muktomona-final\images\mukomona-home-page_r16_c1_f4.gif --> leo.lunarpages.com /public_html/images mukomona-home-page_r16_c1_f4.gif
2004.10.21 19:30 B C:\muktomona-final\images\mukomona-home-page_r17_c1.gif --> leo.lunarpages.com /public_html/images mukomona-home-page_r17_c1.gif
2004.10.21 19:30 B C:\muktomona-final\images\mukomona-home-page_r17_c1_f2.gif --> leo.lunarpages.com /public_html/images mukomona-home-page_r17_c1_f2.gif
2004.10.21 19:30 B C:\muktomona-final\images\mukomona-home-page_r17_c1_f3.gif --> leo.lunarpages.com /public_html/images mukomona-home-page_r17_c1_f3.gif
2004.10.21 19:30 B C:\muktomona-final\images\mukomona-home-page_r17_c1_f4.gif --> leo.lunarpages.com /public_html/images mukomona-home-page_r17_c1_f4.gif
2004.10.21 19:30 B C:\muktomona-final\images\mukomona-home-page_r18_c1.gif --> leo.lunarpages.com /public_html/images mukomona-home-page_r18_c1.gif
2004.10.21 19:30 B C:\muktomona-final\images\mukomona-home-page_r19_c1.gif --> leo.lunarpages.com /public_html/images mukomona-home-page_r19_c1.gif
2004.10.21 19:30 B C:\muktomona-final\images\mukomona-home-page_r19_c1_f2.gif --> leo.lunarpages.com /public_html/images mukomona-home-page_r19_c1_f2.gif
2004.10.21 19:30 B C:\muktomona-final\images\mukomona-home-page_r19_c1_f3.gif --> leo.lunarpages.com /public_html/images mukomona-home-page_r19_c1_f3.gif
2004.10.21 19:30 B C:\muktomona-final\images\mukomona-home-page_r19_c1_f4.gif --> leo.lunarpages.com /public_html/images mukomona-home-page_r19_c1_f4.gif
2004.10.21 19:30 B C:\muktomona-final\images\mukomona-home-page_r1_c1.gif --> leo.lunarpages.com /public_html/images mukomona-home-page_r1_c1.gif
2004.10.21 19:30 B C:\muktomona-final\images\mukomona-home-page_r1_c2.gif --> leo.lunarpages.com /public_html/images mukomona-home-page_r1_c2.gif
2004.10.21 19:30 B C:\muktomona-final\images\mukomona-home-page_r20_c1.gif --> leo.lunarpages.com /public_html/images mukomona-home-page_r20_c1.gif
2004.10.21 19:30 B C:\muktomona-final\images\mukomona-home-page_r20_c1_f2.gif --> leo.lunarpages.com /public_html/images mukomona-home-page_r20_c1_f2.gif
2004.10.21 19:30 B C:\muktomona-final\images\mukomona-home-page_r20_c1_f3.gif --> leo.lunarpages.com /public_html/images mukomona-home-page_r20_c1_f3.gif
2004.10.21 19:30 B C:\muktomona-final\images\mukomona-home-page_r20_c1_f4.gif --> leo.lunarpages.com /public_html/images mukomona-home-page_r20_c1_f4.gif
2004.10.21 19:30 B C:\muktomona-final\images\mukomona-home-page_r21_c1.gif --> leo.lunarpages.com /public_html/images mukomona-home-page_r21_c1.gif
2004.10.21 19:30 B C:\muktomona-final\images\mukomona-home-page_r21_c1_f2.gif --> leo.lunarpages.com /public_html/images mukomona-home-page_r21_c1_f2.gif
2004.10.21 19:30 B C:\muktomona-final\images\mukomona-home-page_r21_c1_f3.gif --> leo.lunarpages.com /public_html/images mukomona-home-page_r21_c1_f3.gif
2004.10.21 19:30 B C:\muktomona-final\images\mukomona-home-page_r21_c1_f4.gif --> leo.lunarpages.com /public_html/images mukomona-home-page_r21_c1_f4.gif
2004.10.21 19:30 B C:\muktomona-final\images\mukomona-home-page_r22_c1.gif --> leo.lunarpages.com /public_html/images mukomona-home-page_r22_c1.gif
2004.10.21 19:30 B C:\muktomona-final\images\mukomona-home-page_r22_c1_f2.gif --> leo.lunarpages.com /public_html/images mukomona-home-page_r22_c1_f2.gif
2004.10.21 19:30 B C:\muktomona-final\images\mukomona-home-page_r22_c1_f3.gif --> leo.lunarpages.com /public_html/images mukomona-home-page_r22_c1_f3.gif
2004.10.21 19:30 B C:\muktomona-final\images\mukomona-home-page_r22_c1_f4.gif --> leo.lunarpages.com /public_html/images mukomona-home-page_r22_c1_f4.gif
2004.10.21 19:30 B C:\muktomona-final\images\mukomona-home-page_r23_c1.gif --> leo.lunarpages.com /public_html/images mukomona-home-page_r23_c1.gif
2004.10.21 19:30 B C:\muktomona-final\images\mukomona-home-page_r23_c1_f2.gif --> leo.lunarpages.com /public_html/images mukomona-home-page_r23_c1_f2.gif
2004.10.21 19:30 B C:\muktomona-final\images\mukomona-home-page_r23_c1_f3.gif --> leo.lunarpages.com /public_html/images mukomona-home-page_r23_c1_f3.gif
2004.10.21 19:30 B C:\muktomona-final\images\mukomona-home-page_r23_c1_f4.gif --> leo.lunarpages.com /public_html/images mukomona-home-page_r23_c1_f4.gif
2004.10.21 19:30 B C:\muktomona-final\images\mukomona-home-page_r23_c2.gif --> leo.lunarpages.com /public_html/images mukomona-home-page_r23_c2.gif
2004.10.21 19:30 B C:\muktomona-final\images\mukomona-home-page_r24_c1.gif --> leo.lunarpages.com /public_html/images mukomona-home-page_r24_c1.gif
2004.10.21 19:30 B C:\muktomona-final\images\mukomona-home-page_r24_c1_f2.gif --> leo.lunarpages.com /public_html/images mukomona-home-page_r24_c1_f2.gif
2004.10.21 19:30 B C:\muktomona-final\images\mukomona-home-page_r24_c1_f3.gif --> leo.lunarpages.com /public_html/images mukomona-home-page_r24_c1_f3.gif
2004.10.21 19:30 B C:\muktomona-final\images\mukomona-home-page_r24_c1_f4.gif --> leo.lunarpages.com /public_html/images mukomona-home-page_r24_c1_f4.gif
2004.10.21 19:30 B C:\muktomona-final\images\mukomona-home-page_r26_c1.gif --> leo.lunarpages.com /public_html/images mukomona-home-page_r26_c1.gif
2004.10.21 19:30 B C:\muktomona-final\images\mukomona-home-page_r2_c1.gif --> leo.lunarpages.com /public_html/images mukomona-home-page_r2_c1.gif
2004.10.21 19:30 B C:\muktomona-final\images\mukomona-home-page_r3_c1.gif --> leo.lunarpages.com /public_html/images mukomona-home-page_r3_c1.gif
2004.10.21 19:30 B C:\muktomona-final\images\mukomona-home-page_r3_c1_f2.gif --> leo.lunarpages.com /public_html/images mukomona-home-page_r3_c1_f2.gif
2004.10.21 19:30 B C:\muktomona-final\images\mukomona-home-page_r3_c1_f3.gif --> leo.lunarpages.com /public_html/images mukomona-home-page_r3_c1_f3.gif
2004.10.21 19:30 B C:\muktomona-final\images\mukomona-home-page_r3_c1_f4.gif --> leo.lunarpages.com /public_html/images mukomona-home-page_r3_c1_f4.gif
2004.10.21 19:30 B C:\muktomona-final\images\mukomona-home-page_r3_c3.gif --> leo.lunarpages.com /public_html/images mukomona-home-page_r3_c3.gif
2004.10.21 19:30 B C:\muktomona-final\images\mukomona-home-page_r5_c1.gif --> leo.lunarpages.com /public_html/images mukomona-home-page_r5_c1.gif
2004.10.21 19:30 B C:\muktomona-final\images\mukomona-home-page_r5_c1_f2.gif --> leo.lunarpages.com /public_html/images mukomona-home-page_r5_c1_f2.gif
2004.10.21 19:30 B C:\muktomona-final\images\mukomona-home-page_r5_c1_f3.gif --> leo.lunarpages.com /public_html/images mukomona-home-page_r5_c1_f3.gif
2004.10.21 19:30 B C:\muktomona-final\images\mukomona-home-page_r5_c1_f4.gif --> leo.lunarpages.com /public_html/images mukomona-home-page_r5_c1_f4.gif
2004.10.21 19:30 B C:\muktomona-final\images\mukomona-home-page_r6_c1.gif --> leo.lunarpages.com /public_html/images mukomona-home-page_r6_c1.gif
2004.10.21 19:30 B C:\muktomona-final\images\mukomona-home-page_r6_c1_f2.gif --> leo.lunarpages.com /public_html/images mukomona-home-page_r6_c1_f2.gif
2004.10.21 19:30 B C:\muktomona-final\images\mukomona-home-page_r6_c1_f3.gif --> leo.lunarpages.com /public_html/images mukomona-home-page_r6_c1_f3.gif
2004.10.21 19:30 B C:\muktomona-final\images\mukomona-home-page_r6_c1_f4.gif --> leo.lunarpages.com /public_html/images mukomona-home-page_r6_c1_f4.gif
2004.10.21 19:30 B C:\muktomona-final\images\mukomona-home-page_r7_c1.gif --> leo.lunarpages.com /public_html/images mukomona-home-page_r7_c1.gif
2004.10.21 19:30 B C:\muktomona-final\images\mukomona-home-page_r7_c1_f2.gif --> leo.lunarpages.com /public_html/images mukomona-home-page_r7_c1_f2.gif
2004.10.21 19:30 B C:\muktomona-final\images\mukomona-home-page_r7_c1_f3.gif --> leo.lunarpages.com /public_html/images mukomona-home-page_r7_c1_f3.gif
2004.10.21 19:30 B C:\muktomona-final\images\mukomona-home-page_r7_c1_f4.gif --> leo.lunarpages.com /public_html/images mukomona-home-page_r7_c1_f4.gif
2004.10.21 19:30 B C:\muktomona-final\images\mukomona-home-page_r8_c1.gif --> leo.lunarpages.com /public_html/images mukomona-home-page_r8_c1.gif
2004.10.21 19:30 B C:\muktomona-final\images\mukomona-home-page_r8_c1_f2.gif --> leo.lunarpages.com /public_html/images mukomona-home-page_r8_c1_f2.gif
2004.10.21 19:30 B C:\muktomona-final\images\mukomona-home-page_r8_c1_f3.gif --> leo.lunarpages.com /public_html/images mukomona-home-page_r8_c1_f3.gif
2004.10.21 19:30 B C:\muktomona-final\images\mukomona-home-page_r8_c1_f4.gif --> leo.lunarpages.com /public_html/images mukomona-home-page_r8_c1_f4.gif
2004.10.21 19:30 B C:\muktomona-final\images\spacer.gif --> leo.lunarpages.com /public_html/images spacer.gif
2004.10.21 19:30 B C:\muktomona-final\images\template_r11_c1.gif --> leo.lunarpages.com /public_html/images template_r11_c1.gif
2004.10.21 19:30 B C:\muktomona-final\images\template_r11_c1_f2.gif --> leo.lunarpages.com /public_html/images template_r11_c1_f2.gif
2004.10.21 19:30 B C:\muktomona-final\images\template_r11_c1_f3.gif --> leo.lunarpages.com /public_html/images template_r11_c1_f3.gif
2004.10.21 19:30 B C:\muktomona-final\images\template_r11_c1_f4.gif --> leo.lunarpages.com /public_html/images template_r11_c1_f4.gif
2004.10.21 19:30 B C:\muktomona-final\images\template_r13_c1.gif --> leo.lunarpages.com /public_html/images template_r13_c1.gif
2004.10.21 19:30 B C:\muktomona-final\images\template_r13_c1_f2.gif --> leo.lunarpages.com /public_html/images template_r13_c1_f2.gif
2004.10.21 19:30 B C:\muktomona-final\images\template_r13_c1_f3.gif --> leo.lunarpages.com /public_html/images template_r13_c1_f3.gif
2004.10.21 19:30 B C:\muktomona-final\images\template_r13_c1_f4.gif --> leo.lunarpages.com /public_html/images template_r13_c1_f4.gif
2004.10.21 19:30 B C:\muktomona-final\images\template_r14_c1.gif --> leo.lunarpages.com /public_html/images template_r14_c1.gif
2004.10.21 19:30 B C:\muktomona-final\images\template_r14_c1_f2.gif --> leo.lunarpages.com /public_html/images template_r14_c1_f2.gif
2004.10.21 19:30 B C:\muktomona-final\images\template_r14_c1_f3.gif --> leo.lunarpages.com /public_html/images template_r14_c1_f3.gif
2004.10.21 19:30 B C:\muktomona-final\images\template_r14_c1_f4.gif --> leo.lunarpages.com /public_html/images template_r14_c1_f4.gif
2004.10.21 19:30 B C:\muktomona-final\images\template_r15_c1.gif --> leo.lunarpages.com /public_html/images template_r15_c1.gif
2004.10.21 19:30 B C:\muktomona-final\images\template_r15_c1_f2.gif --> leo.lunarpages.com /public_html/images template_r15_c1_f2.gif
2004.10.21 19:30 B C:\muktomona-final\images\template_r15_c1_f3.gif --> leo.lunarpages.com /public_html/images template_r15_c1_f3.gif
2004.10.21 19:30 B C:\muktomona-final\images\template_r15_c1_f4.gif --> leo.lunarpages.com /public_html/images template_r15_c1_f4.gif
2004.10.21 19:30 B C:\muktomona-final\images\template_r16_c1.gif --> leo.lunarpages.com /public_html/images template_r16_c1.gif
2004.10.21 19:30 B C:\muktomona-final\images\template_r16_c1_f2.gif --> leo.lunarpages.com /public_html/images template_r16_c1_f2.gif
2004.10.21 19:30 B C:\muktomona-final\images\template_r16_c1_f3.gif --> leo.lunarpages.com /public_html/images template_r16_c1_f3.gif
2004.10.21 19:30 B C:\muktomona-final\images\template_r16_c1_f4.gif --> leo.lunarpages.com /public_html/images template_r16_c1_f4.gif
2004.10.21 19:30 B C:\muktomona-final\images\template_r18_c1.gif --> leo.lunarpages.com /public_html/images template_r18_c1.gif
2004.10.21 19:30 B C:\muktomona-final\images\template_r18_c1_f2.gif --> leo.lunarpages.com /public_html/images template_r18_c1_f2.gif
2004.10.21 19:30 B C:\muktomona-final\images\template_r18_c1_f3.gif --> leo.lunarpages.com /public_html/images template_r18_c1_f3.gif
2004.10.21 19:30 B C:\muktomona-final\images\template_r18_c1_f4.gif --> leo.lunarpages.com /public_html/images template_r18_c1_f4.gif
2004.10.21 19:30 B C:\muktomona-final\images\template_r19_c1.gif --> leo.lunarpages.com /public_html/images template_r19_c1.gif
2004.10.21 19:30 B C:\muktomona-final\images\template_r19_c1_f2.gif --> leo.lunarpages.com /public_html/images template_r19_c1_f2.gif
2004.10.21 19:30 B C:\muktomona-final\images\template_r19_c1_f3.gif --> leo.lunarpages.com /public_html/images template_r19_c1_f3.gif
2004.10.21 19:30 B C:\muktomona-final\images\template_r19_c1_f4.gif --> leo.lunarpages.com /public_html/images template_r19_c1_f4.gif
2004.10.21 19:30 B C:\muktomona-final\images\template_r1_c1.gif --> leo.lunarpages.com /public_html/images template_r1_c1.gif
2004.10.21 19:30 B C:\muktomona-final\images\template_r20_c1.gif --> leo.lunarpages.com /public_html/images template_r20_c1.gif
2004.10.21 19:30 B C:\muktomona-final\images\template_r20_c1_f2.gif --> leo.lunarpages.com /public_html/images template_r20_c1_f2.gif
2004.10.21 19:30 B C:\muktomona-final\images\template_r20_c1_f3.gif --> leo.lunarpages.com /public_html/images template_r20_c1_f3.gif
2004.10.21 19:30 B C:\muktomona-final\images\template_r20_c1_f4.gif --> leo.lunarpages.com /public_html/images template_r20_c1_f4.gif
2004.10.21 19:30 B C:\muktomona-final\images\template_r22_c1.gif --> leo.lunarpages.com /public_html/images template_r22_c1.gif
2004.10.21 19:30 B C:\muktomona-final\images\template_r22_c1_f2.gif --> leo.lunarpages.com /public_html/images template_r22_c1_f2.gif
2004.10.21 19:30 B C:\muktomona-final\images\template_r22_c1_f3.gif --> leo.lunarpages.com /public_html/images template_r22_c1_f3.gif
2004.10.21 19:30 B C:\muktomona-final\images\template_r22_c1_f4.gif --> leo.lunarpages.com /public_html/images template_r22_c1_f4.gif
2004.10.21 19:30 B C:\muktomona-final\images\template_r24_c1.gif --> leo.lunarpages.com /public_html/images template_r24_c1.gif
2004.10.21 19:30 B C:\muktomona-final\images\template_r24_c1_f2.gif --> leo.lunarpages.com /public_html/images template_r24_c1_f2.gif
2004.10.21 19:30 B C:\muktomona-final\images\template_r24_c1_f3.gif --> leo.lunarpages.com /public_html/images template_r24_c1_f3.gif
2004.10.21 19:30 B C:\muktomona-final\images\template_r24_c1_f4.gif --> leo.lunarpages.com /public_html/images template_r24_c1_f4.gif
2004.10.21 19:30 B C:\muktomona-final\images\template_r25_c1.gif --> leo.lunarpages.com /public_html/images template_r25_c1.gif
2004.10.21 19:30 B C:\muktomona-final\images\template_r26_c3.gif --> leo.lunarpages.com /public_html/images template_r26_c3.gif
2004.10.21 19:30 B C:\muktomona-final\images\template_r26_c4.gif --> leo.lunarpages.com /public_html/images template_r26_c4.gif
2004.10.21 19:30 B C:\muktomona-final\images\template_r27_c4.gif --> leo.lunarpages.com /public_html/images template_r27_c4.gif
2004.10.21 19:30 B C:\muktomona-final\images\template_r2_c1.gif --> leo.lunarpages.com /public_html/images template_r2_c1.gif
2004.10.21 19:30 B C:\muktomona-final\images\template_r2_c2.gif --> leo.lunarpages.com /public_html/images template_r2_c2.gif
2004.10.21 19:30 B C:\muktomona-final\images\template_r3_c1.gif --> leo.lunarpages.com /public_html/images template_r3_c1.gif
2004.10.21 19:30 B C:\muktomona-final\images\template_r3_c1_f2.gif --> leo.lunarpages.com /public_html/images template_r3_c1_f2.gif
2004.10.21 19:30 B C:\muktomona-final\images\template_r3_c1_f3.gif --> leo.lunarpages.com /public_html/images template_r3_c1_f3.gif
2004.10.21 19:30 B C:\muktomona-final\images\template_r3_c1_f4.gif --> leo.lunarpages.com /public_html/images template_r3_c1_f4.gif
2004.10.21 19:30 B C:\muktomona-final\images\template_r3_c3.gif --> leo.lunarpages.com /public_html/images template_r3_c3.gif
2004.10.21 19:30 B C:\muktomona-final\images\template_r5_c1.gif --> leo.lunarpages.com /public_html/images template_r5_c1.gif
2004.10.21 19:30 B C:\muktomona-final\images\template_r5_c1_f2.gif --> leo.lunarpages.com /public_html/images template_r5_c1_f2.gif
2004.10.21 19:30 B C:\muktomona-final\images\template_r5_c1_f3.gif --> leo.lunarpages.com /public_html/images template_r5_c1_f3.gif
2004.10.21 19:30 B C:\muktomona-final\images\template_r5_c1_f4.gif --> leo.lunarpages.com /public_html/images template_r5_c1_f4.gif
2004.10.21 19:30 B C:\muktomona-final\images\template_r6_c1.gif --> leo.lunarpages.com /public_html/images template_r6_c1.gif
2004.10.21 19:30 B C:\muktomona-final\images\template_r6_c1_f2.gif --> leo.lunarpages.com /public_html/images template_r6_c1_f2.gif
2004.10.21 19:30 B C:\muktomona-final\images\template_r6_c1_f3.gif --> leo.lunarpages.com /public_html/images template_r6_c1_f3.gif
2004.10.21 19:30 B C:\muktomona-final\images\template_r6_c1_f4.gif --> leo.lunarpages.com /public_html/images template_r6_c1_f4.gif
2004.10.21 19:30 B C:\muktomona-final\images\template_r7_c1.gif --> leo.lunarpages.com /public_html/images template_r7_c1.gif
2004.10.21 19:30 B C:\muktomona-final\images\template_r7_c1_f2.gif --> leo.lunarpages.com /public_html/images template_r7_c1_f2.gif
2004.10.21 19:30 B C:\muktomona-final\images\template_r7_c1_f3.gif --> leo.lunarpages.com /public_html/images template_r7_c1_f3.gif
2004.10.21 19:30 B C:\muktomona-final\images\template_r7_c1_f4.gif --> leo.lunarpages.com /public_html/images template_r7_c1_f4.gif
2004.10.21 19:30 B C:\muktomona-final\images\template_r8_c1.gif --> leo.lunarpages.com /public_html/images template_r8_c1.gif
2004.10.21 19:30 B C:\muktomona-final\images\template_r8_c1_f2.gif --> leo.lunarpages.com /public_html/images template_r8_c1_f2.gif
2004.10.21 19:30 B C:\muktomona-final\images\template_r8_c1_f3.gif --> leo.lunarpages.com /public_html/images template_r8_c1_f3.gif
2004.10.21 19:30 B C:\muktomona-final\images\template_r8_c1_f4.gif --> leo.lunarpages.com /public_html/images template_r8_c1_f4.gif
